<?xml version="1.0" encoding="UTF-8"?>
<!-- Generated by org.testng.reporters.JUnitXMLReporter -->
<testsuite ignored="0" hostname="IN-PG02P629" failures="0" tests="4" name="Default test" time="33.676" errors="0" timestamp="2022-01-17T15:53:05 IST">
  <testcase classname="Nagarro.E2EPrject.HomePage" name="Assertions" time="3.715"/>
  <testcase classname="Nagarro.E2EPrject.HomePage" name="Assertions" time="3.03"/>
  <testcase classname="Nagarro.E2EPrject.HomePage" name="basePage" time="11.85"/>
  <testcase classname="Nagarro.E2EPrject.HomePage" name="basePage" time="15.021"/>
</testsuite> <!-- Default test -->
