<?xml version="1.0" encoding="UTF-8"?>
<!-- Generated by org.testng.reporters.JUnitXMLReporter -->
<testsuite ignored="0" hostname="IN-PG02P629" failures="0" tests="5" name="Test" time="23.091" errors="0" timestamp="2022-01-17T18:34:16 IST">
  <testcase classname="Nagarro.E2EPrject.HomePage" name="Register" time="4.227"/>
  <testcase classname="Nagarro.E2EPrject.HomePage" name="basePage" time="0.762"/>
  <testcase classname="Nagarro.E2EPrject.HomePage" name="basePage" time="0.696"/>
  <testcase classname="Nagarro.E2EPrject.Validation" name="Assertions" time="0.029"/>
  <testcase classname="Nagarro.E2EPrject.Validation" name="Assertions" time="0.035"/>
</testsuite> <!-- Test -->
