<?xml version="1.0" encoding="UTF-8"?>
<!-- Generated by org.testng.reporters.JUnitXMLReporter -->
<testsuite ignored="0" hostname="IN-PG02P629" failures="0" tests="5" name="Test" time="71.281" errors="0" timestamp="2022-01-18T14:46:10 IST">
  <testcase classname="Nagarro.E2EPrject.HomePage" name="basePage" time="1.884"/>
  <testcase classname="Nagarro.E2EPrject.HomePage" name="basePage" time="1.061"/>
  <testcase classname="Nagarro.E2EPrject.HomePage" name="Register" time="7.569"/>
  <testcase classname="Nagarro.E2EPrject.Validation" name="Assertions" time="0.074"/>
  <testcase classname="Nagarro.E2EPrject.Validation" name="Assertions" time="0.057"/>
</testsuite> <!-- Test -->
