<?xml version="1.0" encoding="UTF-8"?>
<testng-results ignored="0" total="5" passed="5" failed="0" skipped="0">
  <reporter-output>
  </reporter-output>
  <suite started-at="2022-01-18T14:44:59 IST" name="Suite" finished-at="2022-01-18T14:46:10 IST" duration-ms="71281">
    <groups>
    </groups>
    <test started-at="2022-01-18T14:44:59 IST" name="Test" finished-at="2022-01-18T14:46:10 IST" duration-ms="71281">
      <class name="Nagarro.E2EPrject.Validation">
        <test-method is-config="true" signature="initilise()[pri:0, instance:Nagarro.E2EPrject.Validation@37d4349f]" started-at="2022-01-18T14:45:54 IST" name="initilise" finished-at="2022-01-18T14:46:06 IST" duration-ms="12080" status="PASS">
          <reporter-output>
          </reporter-output>
        </test-method> <!-- initilise -->
        <test-method signature="Assertions()[pri:0, instance:Nagarro.E2EPrject.Validation@37d4349f]" started-at="2022-01-18T14:46:06 IST" name="Assertions" finished-at="2022-01-18T14:46:06 IST" duration-ms="74" status="PASS">
          <reporter-output>
          </reporter-output>
        </test-method> <!-- Assertions -->
        <test-method is-config="true" signature="Closer()[pri:0, instance:Nagarro.E2EPrject.Validation@37d4349f]" started-at="2022-01-18T14:46:06 IST" name="Closer" finished-at="2022-01-18T14:46:07 IST" duration-ms="721" status="PASS">
          <reporter-output>
          </reporter-output>
        </test-method> <!-- Closer -->
        <test-method is-config="true" signature="initilise()[pri:0, instance:Nagarro.E2EPrject.Validation@37d4349f]" started-at="2022-01-18T14:46:07 IST" name="initilise" finished-at="2022-01-18T14:46:10 IST" duration-ms="3043" status="PASS">
          <reporter-output>
          </reporter-output>
        </test-method> <!-- initilise -->
        <test-method signature="Assertions()[pri:0, instance:Nagarro.E2EPrject.Validation@37d4349f]" started-at="2022-01-18T14:46:10 IST" name="Assertions" finished-at="2022-01-18T14:46:10 IST" duration-ms="57" status="PASS">
          <reporter-output>
          </reporter-output>
        </test-method> <!-- Assertions -->
        <test-method is-config="true" signature="Closer()[pri:0, instance:Nagarro.E2EPrject.Validation@37d4349f]" started-at="2022-01-18T14:46:10 IST" name="Closer" finished-at="2022-01-18T14:46:10 IST" duration-ms="560" status="PASS">
          <reporter-output>
          </reporter-output>
        </test-method> <!-- Closer -->
      </class> <!-- Nagarro.E2EPrject.Validation -->
      <class name="Nagarro.E2EPrject.HomePage">
        <test-method is-config="true" signature="initilise()[pri:0, instance:Nagarro.E2EPrject.HomePage@5b03b9fe]" started-at="2022-01-18T14:44:59 IST" name="initilise" finished-at="2022-01-18T14:45:28 IST" duration-ms="28959" status="PASS">
          <reporter-output>
          </reporter-output>
        </test-method> <!-- initilise -->
        <test-method signature="basePage(java.lang.String, java.lang.String)[pri:1, instance:Nagarro.E2EPrject.HomePage@5b03b9fe]" started-at="2022-01-18T14:45:28 IST" name="basePage" data-provider="getData" finished-at="2022-01-18T14:45:30 IST" duration-ms="1884" status="PASS">
          <params>
            <param index="0">
              <value>
                <![CDATA[abc]]>
              </value>
            </param>
            <param index="1">
              <value>
                <![CDATA[abcd]]>
              </value>
            </param>
          </params>
          <reporter-output>
          </reporter-output>
        </test-method> <!-- basePage -->
        <test-method is-config="true" signature="Closer()[pri:0, instance:Nagarro.E2EPrject.HomePage@5b03b9fe]" started-at="2022-01-18T14:45:30 IST" name="Closer" finished-at="2022-01-18T14:45:30 IST" duration-ms="345" status="PASS">
          <reporter-output>
          </reporter-output>
        </test-method> <!-- Closer -->
        <test-method is-config="true" signature="initilise()[pri:0, instance:Nagarro.E2EPrject.HomePage@5b03b9fe]" started-at="2022-01-18T14:45:30 IST" name="initilise" finished-at="2022-01-18T14:45:33 IST" duration-ms="3106" status="PASS">
          <reporter-output>
          </reporter-output>
        </test-method> <!-- initilise -->
        <test-method signature="basePage(java.lang.String, java.lang.String)[pri:1, instance:Nagarro.E2EPrject.HomePage@5b03b9fe]" started-at="2022-01-18T14:45:33 IST" name="basePage" data-provider="getData" finished-at="2022-01-18T14:45:34 IST" duration-ms="1061" status="PASS">
          <params>
            <param index="0">
              <value>
                <![CDATA[abcde]]>
              </value>
            </param>
            <param index="1">
              <value>
                <![CDATA[abcdef]]>
              </value>
            </param>
          </params>
          <reporter-output>
          </reporter-output>
        </test-method> <!-- basePage -->
        <test-method is-config="true" signature="Closer()[pri:0, instance:Nagarro.E2EPrject.HomePage@5b03b9fe]" started-at="2022-01-18T14:45:34 IST" name="Closer" finished-at="2022-01-18T14:45:35 IST" duration-ms="613" status="PASS">
          <reporter-output>
          </reporter-output>
        </test-method> <!-- Closer -->
        <test-method is-config="true" signature="initilise()[pri:0, instance:Nagarro.E2EPrject.HomePage@5b03b9fe]" started-at="2022-01-18T14:45:35 IST" name="initilise" finished-at="2022-01-18T14:45:45 IST" duration-ms="10504" status="PASS">
          <reporter-output>
          </reporter-output>
        </test-method> <!-- initilise -->
        <test-method signature="Register()[pri:2, instance:Nagarro.E2EPrject.HomePage@5b03b9fe]" started-at="2022-01-18T14:45:45 IST" name="Register" finished-at="2022-01-18T14:45:53 IST" duration-ms="7569" status="PASS">
          <reporter-output>
          </reporter-output>
        </test-method> <!-- Register -->
        <test-method is-config="true" signature="Closer()[pri:0, instance:Nagarro.E2EPrject.HomePage@5b03b9fe]" started-at="2022-01-18T14:45:53 IST" name="Closer" finished-at="2022-01-18T14:45:54 IST" duration-ms="661" status="PASS">
          <reporter-output>
          </reporter-output>
        </test-method> <!-- Closer -->
      </class> <!-- Nagarro.E2EPrject.HomePage -->
    </test> <!-- Test -->
  </suite> <!-- Suite -->
</testng-results>
